0 info it worked if it ends with ok
1 verbose cli [ 'node', '/usr/local/bin/npm', 'install' ]
2 info using npm@1.4.28
3 info using node@v0.10.32
4 verbose readDependencies using package.json deps
5 verbose install where, deps [ '/Users/Bailey/Documents/Node-Chat-Bot',
5 verbose install   [ 'bluebird', 'request', 'cheerio', 'ws' ] ]
6 info preinstall Node-Chat-Bot@1.5.0
7 verbose readDependencies using package.json deps
8 verbose cache add [ 'bluebird@*', null ]
9 verbose cache add name=undefined spec="bluebird@*" args=["bluebird@*",null]
10 verbose parsed url { protocol: null,
10 verbose parsed url   slashes: null,
10 verbose parsed url   auth: null,
10 verbose parsed url   host: null,
10 verbose parsed url   port: null,
10 verbose parsed url   hostname: null,
10 verbose parsed url   hash: null,
10 verbose parsed url   search: null,
10 verbose parsed url   query: null,
10 verbose parsed url   pathname: 'bluebird@*',
10 verbose parsed url   path: 'bluebird@*',
10 verbose parsed url   href: 'bluebird@*' }
11 verbose cache add [ 'request@*', null ]
12 verbose cache add name=undefined spec="request@*" args=["request@*",null]
13 verbose parsed url { protocol: null,
13 verbose parsed url   slashes: null,
13 verbose parsed url   auth: null,
13 verbose parsed url   host: null,
13 verbose parsed url   port: null,
13 verbose parsed url   hostname: null,
13 verbose parsed url   hash: null,
13 verbose parsed url   search: null,
13 verbose parsed url   query: null,
13 verbose parsed url   pathname: 'request@*',
13 verbose parsed url   path: 'request@*',
13 verbose parsed url   href: 'request@*' }
14 verbose cache add [ 'cheerio@*', null ]
15 verbose cache add name=undefined spec="cheerio@*" args=["cheerio@*",null]
16 verbose parsed url { protocol: null,
16 verbose parsed url   slashes: null,
16 verbose parsed url   auth: null,
16 verbose parsed url   host: null,
16 verbose parsed url   port: null,
16 verbose parsed url   hostname: null,
16 verbose parsed url   hash: null,
16 verbose parsed url   search: null,
16 verbose parsed url   query: null,
16 verbose parsed url   pathname: 'cheerio@*',
16 verbose parsed url   path: 'cheerio@*',
16 verbose parsed url   href: 'cheerio@*' }
17 verbose cache add name="bluebird" spec="*" args=["bluebird","*"]
18 verbose parsed url { protocol: null,
18 verbose parsed url   slashes: null,
18 verbose parsed url   auth: null,
18 verbose parsed url   host: null,
18 verbose parsed url   port: null,
18 verbose parsed url   hostname: null,
18 verbose parsed url   hash: null,
18 verbose parsed url   search: null,
18 verbose parsed url   query: null,
18 verbose parsed url   pathname: '*',
18 verbose parsed url   path: '*',
18 verbose parsed url   href: '*' }
19 verbose addNamed [ 'bluebird', '*' ]
20 verbose addNamed [ null, '*' ]
21 verbose cache add name="request" spec="*" args=["request","*"]
22 verbose parsed url { protocol: null,
22 verbose parsed url   slashes: null,
22 verbose parsed url   auth: null,
22 verbose parsed url   host: null,
22 verbose parsed url   port: null,
22 verbose parsed url   hostname: null,
22 verbose parsed url   hash: null,
22 verbose parsed url   search: null,
22 verbose parsed url   query: null,
22 verbose parsed url   pathname: '*',
22 verbose parsed url   path: '*',
22 verbose parsed url   href: '*' }
23 verbose addNamed [ 'request', '*' ]
24 verbose addNamed [ null, '*' ]
25 verbose cache add name="cheerio" spec="*" args=["cheerio","*"]
26 verbose parsed url { protocol: null,
26 verbose parsed url   slashes: null,
26 verbose parsed url   auth: null,
26 verbose parsed url   host: null,
26 verbose parsed url   port: null,
26 verbose parsed url   hostname: null,
26 verbose parsed url   hash: null,
26 verbose parsed url   search: null,
26 verbose parsed url   query: null,
26 verbose parsed url   pathname: '*',
26 verbose parsed url   path: '*',
26 verbose parsed url   href: '*' }
27 verbose addNamed [ 'cheerio', '*' ]
28 verbose addNamed [ null, '*' ]
29 verbose cache add [ 'ws@*', null ]
30 verbose cache add name=undefined spec="ws@*" args=["ws@*",null]
31 verbose parsed url { protocol: null,
31 verbose parsed url   slashes: null,
31 verbose parsed url   auth: null,
31 verbose parsed url   host: null,
31 verbose parsed url   port: null,
31 verbose parsed url   hostname: null,
31 verbose parsed url   hash: null,
31 verbose parsed url   search: null,
31 verbose parsed url   query: null,
31 verbose parsed url   pathname: 'ws@*',
31 verbose parsed url   path: 'ws@*',
31 verbose parsed url   href: 'ws@*' }
32 silly lockFile b5ae4f48-bluebird bluebird@*
33 verbose lock bluebird@* /Users/Bailey/.npm/b5ae4f48-bluebird.lock
34 silly lockFile a4c2c8dc-request request@*
35 verbose lock request@* /Users/Bailey/.npm/a4c2c8dc-request.lock
36 silly lockFile 24158c23-cheerio cheerio@*
37 verbose lock cheerio@* /Users/Bailey/.npm/24158c23-cheerio.lock
38 verbose cache add name="ws" spec="*" args=["ws","*"]
39 verbose parsed url { protocol: null,
39 verbose parsed url   slashes: null,
39 verbose parsed url   auth: null,
39 verbose parsed url   host: null,
39 verbose parsed url   port: null,
39 verbose parsed url   hostname: null,
39 verbose parsed url   hash: null,
39 verbose parsed url   search: null,
39 verbose parsed url   query: null,
39 verbose parsed url   pathname: '*',
39 verbose parsed url   path: '*',
39 verbose parsed url   href: '*' }
40 verbose addNamed [ 'ws', '*' ]
41 verbose addNamed [ null, '*' ]
42 silly lockFile 67c4a837-ws ws@*
43 verbose lock ws@* /Users/Bailey/.npm/67c4a837-ws.lock
44 silly addNameRange { name: 'request', range: '*', hasData: false }
45 silly addNameRange { name: 'bluebird', range: '*', hasData: false }
46 silly addNameRange { name: 'ws', range: '*', hasData: false }
47 silly addNameRange { name: 'cheerio', range: '*', hasData: false }
48 verbose request where is /request
49 verbose request registry https://registry.npmjs.org/
50 verbose request id 200059412dd23c28
51 verbose url raw /request
52 verbose url resolving [ 'https://registry.npmjs.org/', './request' ]
53 verbose url resolved https://registry.npmjs.org/request
54 verbose request where is https://registry.npmjs.org/request
55 info trying registry request attempt 1 at 22:18:27
56 verbose etag "8ZABWG26MPH33X31FF76O2QCU"
57 http GET https://registry.npmjs.org/request
58 verbose request where is /ws
59 verbose request registry https://registry.npmjs.org/
60 verbose url raw /ws
61 verbose url resolving [ 'https://registry.npmjs.org/', './ws' ]
62 verbose url resolved https://registry.npmjs.org/ws
63 verbose request where is https://registry.npmjs.org/ws
64 info trying registry request attempt 1 at 22:18:27
65 verbose etag "AR4KN6QETUY46Z3YK4JW7LIIM"
66 http GET https://registry.npmjs.org/ws
67 verbose request where is /bluebird
68 verbose request registry https://registry.npmjs.org/
69 verbose url raw /bluebird
70 verbose url resolving [ 'https://registry.npmjs.org/', './bluebird' ]
71 verbose url resolved https://registry.npmjs.org/bluebird
72 verbose request where is https://registry.npmjs.org/bluebird
73 info trying registry request attempt 1 at 22:18:27
74 verbose etag "EDSV3QZDW5NYMTPU6W5U7HPRS"
75 http GET https://registry.npmjs.org/bluebird
76 verbose request where is /cheerio
77 verbose request registry https://registry.npmjs.org/
78 verbose url raw /cheerio
79 verbose url resolving [ 'https://registry.npmjs.org/', './cheerio' ]
80 verbose url resolved https://registry.npmjs.org/cheerio
81 verbose request where is https://registry.npmjs.org/cheerio
82 info trying registry request attempt 1 at 22:18:27
83 verbose etag "3IDKQMCYDU7RXKV4AN1VS4N3D"
84 http GET https://registry.npmjs.org/cheerio
85 http 304 https://registry.npmjs.org/request
86 silly registry.get cb [ 304,
86 silly registry.get   { date: 'Wed, 04 May 2016 12:18:26 GMT',
86 silly registry.get     via: '1.1 varnish',
86 silly registry.get     'cache-control': 'max-age=300',
86 silly registry.get     etag: '"8ZABWG26MPH33X31FF76O2QCU"',
86 silly registry.get     age: '18',
86 silly registry.get     connection: 'keep-alive',
86 silly registry.get     'x-served-by': 'cache-ams4137-AMS',
86 silly registry.get     'x-cache': 'HIT',
86 silly registry.get     'x-cache-hits': '3',
86 silly registry.get     'x-timer': 'S1462364306.886139,VS0,VE0',
86 silly registry.get     vary: 'Accept-Encoding' } ]
87 verbose etag https://registry.npmjs.org/request from cache
88 silly addNameRange number 2 { name: 'request', range: '*', hasData: true }
89 silly addNameRange versions [ 'request',
89 silly addNameRange   [ '0.10.0',
89 silly addNameRange     '0.8.3',
89 silly addNameRange     '0.9.0',
89 silly addNameRange     '0.9.1',
89 silly addNameRange     '0.9.5',
89 silly addNameRange     '1.0.0',
89 silly addNameRange     '1.1.0',
89 silly addNameRange     '1.1.1',
89 silly addNameRange     '1.2.0',
89 silly addNameRange     '1.9.0',
89 silly addNameRange     '1.9.1',
89 silly addNameRange     '1.9.2',
89 silly addNameRange     '1.9.3',
89 silly addNameRange     '1.9.5',
89 silly addNameRange     '1.9.7',
89 silly addNameRange     '1.9.8',
89 silly addNameRange     '1.9.9',
89 silly addNameRange     '2.0.0',
89 silly addNameRange     '2.0.1',
89 silly addNameRange     '2.0.2',
89 silly addNameRange     '2.0.3',
89 silly addNameRange     '2.0.4',
89 silly addNameRange     '2.0.5',
89 silly addNameRange     '2.1.0',
89 silly addNameRange     '2.1.1',
89 silly addNameRange     '2.2.0',
89 silly addNameRange     '2.2.5',
89 silly addNameRange     '2.2.6',
89 silly addNameRange     '2.2.9',
89 silly addNameRange     '2.9.0',
89 silly addNameRange     '2.9.1',
89 silly addNameRange     '2.9.2',
89 silly addNameRange     '2.9.3',
89 silly addNameRange     '2.9.100',
89 silly addNameRange     '2.9.150',
89 silly addNameRange     '2.9.151',
89 silly addNameRange     '2.9.152',
89 silly addNameRange     '2.9.153',
89 silly addNameRange     '2.9.200',
89 silly addNameRange     '2.9.201',
89 silly addNameRange     '2.9.202',
89 silly addNameRange     '2.9.203',
89 silly addNameRange     '2.10.0',
89 silly addNameRange     '2.11.0',
89 silly addNameRange     '2.11.1',
89 silly addNameRange     '2.11.2',
89 silly addNameRange     '2.11.3',
89 silly addNameRange     '2.11.4',
89 silly addNameRange     '2.12.0',
89 silly addNameRange     '2.14.0',
89 silly addNameRange     '2.16.0',
89 silly addNameRange     '2.16.2',
89 silly addNameRange     '2.16.4',
89 silly addNameRange     '2.16.6',
89 silly addNameRange     '2.18.0',
89 silly addNameRange     '2.19.0',
89 silly addNameRange     '2.20.0',
89 silly addNameRange     '2.21.0',
89 silly addNameRange     '2.22.0',
89 silly addNameRange     '2.23.0',
89 silly addNameRange     '2.24.0',
89 silly addNameRange     '2.25.0',
89 silly addNameRange     '2.26.0',
89 silly addNameRange     '2.27.0',
89 silly addNameRange     '2.28.0',
89 silly addNameRange     '2.29.0',
89 silly addNameRange     '2.30.0',
89 silly addNameRange     '2.31.0',
89 silly addNameRange     '2.32.0',
89 silly addNameRange     '2.33.0',
89 silly addNameRange     '2.34.0',
89 silly addNameRange     '2.35.0',
89 silly addNameRange     '2.36.0',
89 silly addNameRange     '2.37.0',
89 silly addNameRange     '2.38.0',
89 silly addNameRange     '2.39.0',
89 silly addNameRange     '2.40.0',
89 silly addNameRange     '2.41.0',
89 silly addNameRange     '2.42.0',
89 silly addNameRange     '2.43.0',
89 silly addNameRange     '2.44.0',
89 silly addNameRange     '2.45.0',
89 silly addNameRange     '2.46.0',
89 silly addNameRange     '2.47.0',
89 silly addNameRange     '2.48.0',
89 silly addNameRange     '2.49.0',
89 silly addNameRange     '2.50.0',
89 silly addNameRange     '2.51.0',
89 silly addNameRange     '2.52.0',
89 silly addNameRange     '2.53.0',
89 silly addNameRange     '2.54.0',
89 silly addNameRange     '2.55.0',
89 silly addNameRange     '2.56.0',
89 silly addNameRange     '2.57.0',
89 silly addNameRange     '2.58.0',
89 silly addNameRange     '2.59.0',
89 silly addNameRange     '2.60.0',
89 silly addNameRange     '2.61.0',
89 silly addNameRange     '2.62.0',
89 silly addNameRange     '2.63.0',
89 silly addNameRange     '2.64.0',
89 silly addNameRange     '2.65.0',
89 silly addNameRange     '2.66.0',
89 silly addNameRange     '2.67.0',
89 silly addNameRange     '2.68.0',
89 silly addNameRange     '2.69.0',
89 silly addNameRange     '2.70.0',
89 silly addNameRange     '2.71.0',
89 silly addNameRange     '2.72.0' ] ]
90 verbose addNamed [ 'request', '2.72.0' ]
91 verbose addNamed [ '2.72.0', '2.72.0' ]
92 silly lockFile f0f3e70f-request-2-72-0 request@2.72.0
93 verbose lock request@2.72.0 /Users/Bailey/.npm/f0f3e70f-request-2-72-0.lock
94 silly lockFile f0f3e70f-request-2-72-0 request@2.72.0
95 silly lockFile f0f3e70f-request-2-72-0 request@2.72.0
96 silly lockFile a4c2c8dc-request request@*
97 silly lockFile a4c2c8dc-request request@*
98 http 200 https://registry.npmjs.org/ws
99 silly registry.get cb [ 200,
99 silly registry.get   { server: 'CouchDB/1.5.0 (Erlang OTP/R16B03)',
99 silly registry.get     etag: '"2688A6PBZV751YREE43A63S8W"',
99 silly registry.get     'content-type': 'application/json',
99 silly registry.get     'cache-control': 'max-age=300',
99 silly registry.get     'content-length': '81937',
99 silly registry.get     'accept-ranges': 'bytes',
99 silly registry.get     date: 'Wed, 04 May 2016 12:18:26 GMT',
99 silly registry.get     via: '1.1 varnish',
99 silly registry.get     age: '236',
99 silly registry.get     connection: 'keep-alive',
99 silly registry.get     'x-served-by': 'cache-ams4147-AMS',
99 silly registry.get     'x-cache': 'HIT',
99 silly registry.get     'x-cache-hits': '6',
99 silly registry.get     'x-timer': 'S1462364306.832790,VS0,VE0',
99 silly registry.get     vary: 'Accept-Encoding' } ]
100 silly addNameRange number 2 { name: 'ws', range: '*', hasData: true }
101 silly addNameRange versions [ 'ws',
101 silly addNameRange   [ '0.2.6',
101 silly addNameRange     '0.2.8',
101 silly addNameRange     '0.2.9',
101 silly addNameRange     '0.3.0',
101 silly addNameRange     '0.3.1',
101 silly addNameRange     '0.3.2',
101 silly addNameRange     '0.3.3',
101 silly addNameRange     '0.3.4',
101 silly addNameRange     '0.3.4-2',
101 silly addNameRange     '0.3.5',
101 silly addNameRange     '0.3.5-2',
101 silly addNameRange     '0.3.5-3',
101 silly addNameRange     '0.3.5-4',
101 silly addNameRange     '0.3.6',
101 silly addNameRange     '0.3.7',
101 silly addNameRange     '0.3.8',
101 silly addNameRange     '0.3.9',
101 silly addNameRange     '0.4.0',
101 silly addNameRange     '0.4.1',
101 silly addNameRange     '0.4.2',
101 silly addNameRange     '0.4.3',
101 silly addNameRange     '0.4.5',
101 silly addNameRange     '0.4.6',
101 silly addNameRange     '0.4.7',
101 silly addNameRange     '0.4.8',
101 silly addNameRange     '0.4.9',
101 silly addNameRange     '0.4.10',
101 silly addNameRange     '0.4.11',
101 silly addNameRange     '0.4.12',
101 silly addNameRange     '0.4.13',
101 silly addNameRange     '0.4.14',
101 silly addNameRange     '0.4.15',
101 silly addNameRange     '0.4.16',
101 silly addNameRange     '0.4.17',
101 silly addNameRange     '0.4.18',
101 silly addNameRange     '0.4.19',
101 silly addNameRange     '0.4.20',
101 silly addNameRange     '0.4.21',
101 silly addNameRange     '0.4.22',
101 silly addNameRange     '0.4.23',
101 silly addNameRange     '0.4.24',
101 silly addNameRange     '0.4.25',
101 silly addNameRange     '0.4.27',
101 silly addNameRange     '0.4.28',
101 silly addNameRange     '0.4.29',
101 silly addNameRange     '0.4.30',
101 silly addNameRange     '0.4.31',
101 silly addNameRange     '0.4.32',
101 silly addNameRange     '0.5.0',
101 silly addNameRange     '0.6.0',
101 silly addNameRange     '0.6.1',
101 silly addNameRange     '0.6.2',
101 silly addNameRange     '0.6.3',
101 silly addNameRange     '0.6.4',
101 silly addNameRange     '0.6.5',
101 silly addNameRange     '0.7.0',
101 silly addNameRange     '0.7.1',
101 silly addNameRange     '0.7.2',
101 silly addNameRange     '0.8.0',
101 silly addNameRange     '0.8.1',
101 silly addNameRange     '1.0.0',
101 silly addNameRange     '1.0.1',
101 silly addNameRange     '1.1.0' ] ]
102 verbose addNamed [ 'ws', '1.1.0' ]
103 verbose addNamed [ '1.1.0', '1.1.0' ]
104 silly lockFile 14a2902a-ws-1-1-0 ws@1.1.0
105 verbose lock ws@1.1.0 /Users/Bailey/.npm/14a2902a-ws-1-1-0.lock
106 silly lockFile 0ec7adcd-gistry-npmjs-org-ws-ws-1-1-0-tgz https://registry.npmjs.org/ws/-/ws-1.1.0.tgz
107 verbose lock https://registry.npmjs.org/ws/-/ws-1.1.0.tgz /Users/Bailey/.npm/0ec7adcd-gistry-npmjs-org-ws-ws-1-1-0-tgz.lock
108 verbose addRemoteTarball [ 'https://registry.npmjs.org/ws/-/ws-1.1.0.tgz',
108 verbose addRemoteTarball   'c1d6fd1515d3ceff1f0ae2759bf5fd77030aad1d' ]
109 info retry fetch attempt 1 at 22:18:34
110 verbose fetch to= /var/folders/5z/r7gx8xxs0zg8bc98tdxnkffh0000gn/T/npm-7006-MY0Ce4u5/registry.npmjs.org/ws/-/ws-1.1.0.tgz
111 http GET https://registry.npmjs.org/ws/-/ws-1.1.0.tgz
112 http 200 https://registry.npmjs.org/cheerio
113 silly registry.get cb [ 200,
113 silly registry.get   { server: 'CouchDB/1.5.0 (Erlang OTP/R16B03)',
113 silly registry.get     etag: '"21285DPJBPW4A3LOCQADLS3N0"',
113 silly registry.get     'content-type': 'application/json',
113 silly registry.get     'cache-control': 'max-age=300',
113 silly registry.get     'content-length': '97777',
113 silly registry.get     'accept-ranges': 'bytes',
113 silly registry.get     date: 'Wed, 04 May 2016 12:18:26 GMT',
113 silly registry.get     via: '1.1 varnish',
113 silly registry.get     age: '283',
113 silly registry.get     connection: 'keep-alive',
113 silly registry.get     'x-served-by': 'cache-ams4123-AMS',
113 silly registry.get     'x-cache': 'HIT',
113 silly registry.get     'x-cache-hits': '4',
113 silly registry.get     'x-timer': 'S1462364306.816267,VS0,VE0',
113 silly registry.get     vary: 'Accept-Encoding' } ]
114 silly addNameRange number 2 { name: 'cheerio', range: '*', hasData: true }
115 silly addNameRange versions [ 'cheerio',
115 silly addNameRange   [ '0.0.1',
115 silly addNameRange     '0.0.2',
115 silly addNameRange     '0.0.3',
115 silly addNameRange     '0.0.4',
115 silly addNameRange     '0.1.1',
115 silly addNameRange     '0.1.2',
115 silly addNameRange     '0.1.3',
115 silly addNameRange     '0.1.4',
115 silly addNameRange     '0.1.5',
115 silly addNameRange     '0.2.0',
115 silly addNameRange     '0.2.1',
115 silly addNameRange     '0.2.2',
115 silly addNameRange     '0.3.0',
115 silly addNameRange     '0.3.1',
115 silly addNameRange     '0.3.2',
115 silly addNameRange     '0.4.0',
115 silly addNameRange     '0.4.1',
115 silly addNameRange     '0.4.2',
115 silly addNameRange     '0.5.0',
115 silly addNameRange     '0.5.1',
115 silly addNameRange     '0.5.2',
115 silly addNameRange     '0.6.0',
115 silly addNameRange     '0.6.1',
115 silly addNameRange     '0.6.2',
115 silly addNameRange     '0.7.0',
115 silly addNameRange     '0.8.0',
115 silly addNameRange     '0.8.1',
115 silly addNameRange     '0.8.2',
115 silly addNameRange     '0.8.3',
115 silly addNameRange     '0.9.0',
115 silly addNameRange     '0.9.1',
115 silly addNameRange     '0.9.2',
115 silly addNameRange     '0.10.0',
115 silly addNameRange     '0.10.1',
115 silly addNameRange     '0.10.2',
115 silly addNameRange     '0.10.3',
115 silly addNameRange     '0.10.4',
115 silly addNameRange     '0.10.5',
115 silly addNameRange     '0.10.6',
115 silly addNameRange     '0.10.7',
115 silly addNameRange     '0.10.8',
115 silly addNameRange     '0.11.0',
115 silly addNameRange     '0.12.0',
115 silly addNameRange     '0.12.1',
115 silly addNameRange     '0.12.2',
115 silly addNameRange     '0.12.3',
115 silly addNameRange     '0.12.4',
115 silly addNameRange     '0.13.0',
115 silly addNameRange     '0.13.1',
115 silly addNameRange     '0.14.0',
115 silly addNameRange     '0.15.0',
115 silly addNameRange     '0.16.0',
115 silly addNameRange     '0.17.0',
115 silly addNameRange     '0.18.0',
115 silly addNameRange     '0.19.0',
115 silly addNameRange     '0.20.0' ] ]
116 verbose addNamed [ 'cheerio', '0.20.0' ]
117 verbose addNamed [ '0.20.0', '0.20.0' ]
118 silly lockFile 1e6ee4cf-cheerio-0-20-0 cheerio@0.20.0
119 verbose lock cheerio@0.20.0 /Users/Bailey/.npm/1e6ee4cf-cheerio-0-20-0.lock
120 silly lockFile 1e6ee4cf-cheerio-0-20-0 cheerio@0.20.0
121 silly lockFile 1e6ee4cf-cheerio-0-20-0 cheerio@0.20.0
122 silly lockFile 24158c23-cheerio cheerio@*
123 silly lockFile 24158c23-cheerio cheerio@*
124 http 200 https://registry.npmjs.org/ws/-/ws-1.1.0.tgz
125 silly lockFile 0ec7adcd-gistry-npmjs-org-ws-ws-1-1-0-tgz https://registry.npmjs.org/ws/-/ws-1.1.0.tgz
126 silly lockFile 0ec7adcd-gistry-npmjs-org-ws-ws-1-1-0-tgz https://registry.npmjs.org/ws/-/ws-1.1.0.tgz
127 silly lockFile 14a2902a-ws-1-1-0 ws@1.1.0
128 silly lockFile 14a2902a-ws-1-1-0 ws@1.1.0
129 silly lockFile 67c4a837-ws ws@*
130 silly lockFile 67c4a837-ws ws@*
131 http 200 https://registry.npmjs.org/bluebird
132 silly registry.get cb [ 200,
132 silly registry.get   { server: 'CouchDB/1.5.0 (Erlang OTP/R16B03)',
132 silly registry.get     etag: '"2JRLOMFUMUX0XUL7E1R4OSGN0"',
132 silly registry.get     'content-type': 'application/json',
132 silly registry.get     'cache-control': 'max-age=300',
132 silly registry.get     'content-length': '367746',
132 silly registry.get     'accept-ranges': 'bytes',
132 silly registry.get     date: 'Wed, 04 May 2016 12:18:26 GMT',
132 silly registry.get     via: '1.1 varnish',
132 silly registry.get     age: '145',
132 silly registry.get     connection: 'keep-alive',
132 silly registry.get     'x-served-by': 'cache-ams4132-AMS',
132 silly registry.get     'x-cache': 'HIT',
132 silly registry.get     'x-cache-hits': '10',
132 silly registry.get     'x-timer': 'S1462364306.853242,VS0,VE0',
132 silly registry.get     vary: 'Accept-Encoding' } ]
133 silly addNameRange number 2 { name: 'bluebird', range: '*', hasData: true }
134 silly addNameRange versions [ 'bluebird',
134 silly addNameRange   [ '0.7.1-1',
134 silly addNameRange     '0.7.1-2',
134 silly addNameRange     '0.7.1-3',
134 silly addNameRange     '0.7.1-4',
134 silly addNameRange     '0.7.1-5',
134 silly addNameRange     '0.7.2-0',
134 silly addNameRange     '0.7.3-0',
134 silly addNameRange     '0.7.4-0',
134 silly addNameRange     '0.7.4-1',
134 silly addNameRange     '0.7.5-0',
134 silly addNameRange     '0.7.6-0',
134 silly addNameRange     '0.7.7-0',
134 silly addNameRange     '0.7.7-1',
134 silly addNameRange     '0.7.8-0',
134 silly addNameRange     '0.7.8-1',
134 silly addNameRange     '0.7.9-0',
134 silly addNameRange     '0.7.9-1',
134 silly addNameRange     '0.7.10-0',
134 silly addNameRange     '0.7.10-1',
134 silly addNameRange     '0.7.11-0',
134 silly addNameRange     '0.7.12-0',
134 silly addNameRange     '0.7.12-1',
134 silly addNameRange     '0.7.12-2',
134 silly addNameRange     '0.8.0-0',
134 silly addNameRange     '0.8.0-1',
134 silly addNameRange     '0.8.0-2',
134 silly addNameRange     '0.8.0-3',
134 silly addNameRange     '0.8.1-0',
134 silly addNameRange     '0.8.2-0',
134 silly addNameRange     '0.8.2-1',
134 silly addNameRange     '0.8.2-2',
134 silly addNameRange     '0.8.3-0',
134 silly addNameRange     '0.8.3-1',
134 silly addNameRange     '0.8.3-2',
134 silly addNameRange     '0.8.3-3',
134 silly addNameRange     '0.8.4-0',
134 silly addNameRange     '0.8.4-1',
134 silly addNameRange     '0.8.5-0',
134 silly addNameRange     '0.8.5-1',
134 silly addNameRange     '0.9.0-0',
134 silly addNameRange     '0.9.1-0',
134 silly addNameRange     '0.9.1-1',
134 silly addNameRange     '0.9.2-0',
134 silly addNameRange     '0.9.2-1',
134 silly addNameRange     '0.9.3-0',
134 silly addNameRange     '0.9.4-0',
134 silly addNameRange     '0.9.4-1',
134 silly addNameRange     '0.9.5-0',
134 silly addNameRange     '0.9.6-0',
134 silly addNameRange     '0.9.7-0',
134 silly addNameRange     '0.9.8-0',
134 silly addNameRange     '0.9.9-0',
134 silly addNameRange     '0.9.10-0',
134 silly addNameRange     '0.9.10-1',
134 silly addNameRange     '0.9.11-0',
134 silly addNameRange     '0.9.11-1',
134 silly addNameRange     '0.10.0-0',
134 silly addNameRange     '0.10.0-1',
134 silly addNameRange     '0.10.1-0',
134 silly addNameRange     '0.10.2-0',
134 silly addNameRange     '0.10.2-1',
134 silly addNameRange     '0.10.3-0',
134 silly addNameRange     '0.10.4-0',
134 silly addNameRange     '0.10.4-1',
134 silly addNameRange     '0.10.5-0',
134 silly addNameRange     '0.10.6-0',
134 silly addNameRange     '0.10.7-0',
134 silly addNameRange     '0.10.8-0',
134 silly addNameRange     '0.10.9-0',
134 silly addNameRange     '0.10.9-1',
134 silly addNameRange     '0.10.10-0',
134 silly addNameRange     '0.10.11-0',
134 silly addNameRange     '0.10.11-1',
134 silly addNameRange     '0.10.11-2',
134 silly addNameRange     '0.10.11-4',
134 silly addNameRange     '0.10.12-0',
134 silly addNameRange     '0.10.13-0',
134 silly addNameRange     '0.10.13-1',
134 silly addNameRange     '0.10.14-0',
134 silly addNameRange     '0.11.0-0',
134 silly addNameRange     '0.11.1-0',
134 silly addNameRange     '0.11.2-0',
134 silly addNameRange     '0.11.3-0',
134 silly addNameRange     '0.11.4-0',
134 silly addNameRange     '0.11.4-1',
134 silly addNameRange     '0.11.5-0',
134 silly addNameRange     '0.11.5-1',
134 silly addNameRange     '0.11.6-0',
134 silly addNameRange     '1.0.0',
134 silly addNameRange     '1.0.1',
134 silly addNameRange     '1.0.2',
134 silly addNameRange     '1.0.3',
134 silly addNameRange     '1.0.4',
134 silly addNameRange     '1.0.5',
134 silly addNameRange     '1.0.7',
134 silly addNameRange     '1.0.8',
134 silly addNameRange     '1.1.0',
134 silly addNameRange     '1.1.1',
134 silly addNameRange     '1.2.0',
134 silly addNameRange     '1.2.1',
134 silly addNameRange     '1.2.2',
134 silly addNameRange     '1.2.3',
134 silly addNameRange     '1.2.4',
134 silly addNameRange     '2.0.2',
134 silly addNameRange     '2.0.3',
134 silly addNameRange     '2.0.4',
134 silly addNameRange     '2.0.5',
134 silly addNameRange     '2.0.6',
134 silly addNameRange     '2.0.7',
134 silly addNameRange     '2.1.1',
134 silly addNameRange     '2.1.2',
134 silly addNameRange     '2.1.3',
134 silly addNameRange     '2.2.0',
134 silly addNameRange     '2.2.1',
134 silly addNameRange     '2.2.2',
134 silly addNameRange     '2.3.0',
134 silly addNameRange     '2.3.1',
134 silly addNameRange     '2.3.2',
134 silly addNameRange     '2.3.3',
134 silly addNameRange     '2.3.4',
134 silly addNameRange     '2.3.5',
134 silly addNameRange     '0.11.6',
134 silly addNameRange     '2.3.6',
134 silly addNameRange     '2.3.9',
134 silly addNameRange     '2.3.10',
134 silly addNameRange     '2.3.11',
134 silly addNameRange     '2.4.0',
134 silly addNameRange     '2.4.1',
134 silly addNameRange     '2.4.2',
134 silly addNameRange     '2.4.3',
134 silly addNameRange     '2.5.0',
134 silly addNameRange     '2.5.1',
134 silly addNameRange     '2.5.2',
134 silly addNameRange     '2.5.3',
134 silly addNameRange     '2.6.0',
134 silly addNameRange     '2.6.1',
134 silly addNameRange     '2.6.2',
134 silly addNameRange     '2.6.3',
134 silly addNameRange     '2.6.4',
134 silly addNameRange     '2.7.0',
134 silly addNameRange     '2.7.1',
134 silly addNameRange     '2.8.0',
134 silly addNameRange     '2.8.1',
134 silly addNameRange     '2.8.2',
134 silly addNameRange     '2.9.0',
134 silly addNameRange     '2.9.1',
134 silly addNameRange     '2.9.2',
134 silly addNameRange     '2.9.3',
134 silly addNameRange     '2.9.4',
134 silly addNameRange     '2.9.5',
134 silly addNameRange     '2.9.6',
134 silly addNameRange     '2.9.7',
134 silly addNameRange     '2.9.8',
134 silly addNameRange     '2.9.9',
134 silly addNameRange     '2.9.10',
134 silly addNameRange     '2.9.11',
134 silly addNameRange     '2.9.12',
134 silly addNameRange     '2.9.13',
134 silly addNameRange     '2.9.14',
134 silly addNameRange     '2.9.15',
134 silly addNameRange     '2.9.16',
134 silly addNameRange     '2.9.17',
134 silly addNameRange     '2.9.18',
134 silly addNameRange     '2.9.19',
134 silly addNameRange     '2.9.20',
134 silly addNameRange     '2.9.21',
134 silly addNameRange     '2.9.22',
134 silly addNameRange     '2.9.23',
134 silly addNameRange     '2.9.24',
134 silly addNameRange     '2.9.25',
134 silly addNameRange     '2.9.26',
134 silly addNameRange     '2.9.27',
134 silly addNameRange     '2.9.28',
134 silly addNameRange     '2.9.29',
134 silly addNameRange     '2.9.30',
134 silly addNameRange     '2.9.31',
134 silly addNameRange     '2.9.32',
134 silly addNameRange     '2.9.33',
134 silly addNameRange     '2.9.34',
134 silly addNameRange     '2.10.0',
134 silly addNameRange     '2.10.1',
134 silly addNameRange     '2.10.2',
134 silly addNameRange     '3.0.0',
134 silly addNameRange     '3.0.1',
134 silly addNameRange     '3.0.2',
134 silly addNameRange     '3.0.3',
134 silly addNameRange     '3.0.4',
134 silly addNameRange     '3.0.5',
134 silly addNameRange     '3.0.6',
134 silly addNameRange     '3.1.0',
134 silly addNameRange     '3.1.1',
134 silly addNameRange     '3.1.2',
134 silly addNameRange     '3.1.3',
134 silly addNameRange     '3.1.4',
134 silly addNameRange     '3.1.5',
134 silly addNameRange     '3.2.0',
134 silly addNameRange     '3.2.1',
134 silly addNameRange     '3.2.2',
134 silly addNameRange     '3.3.0',
134 silly addNameRange     '3.3.1',
134 silly addNameRange     '3.3.2',
134 silly addNameRange     '3.3.3',
134 silly addNameRange     '3.3.4',
134 silly addNameRange     '3.3.5' ] ]
135 verbose addNamed [ 'bluebird', '3.3.5' ]
136 verbose addNamed [ '3.3.5', '3.3.5' ]
137 silly lockFile fa719ec1-bluebird-3-3-5 bluebird@3.3.5
138 verbose lock bluebird@3.3.5 /Users/Bailey/.npm/fa719ec1-bluebird-3-3-5.lock
139 silly lockFile 7b588cb7--org-bluebird-bluebird-3-3-5-tgz https://registry.npmjs.org/bluebird/-/bluebird-3.3.5.tgz
140 verbose lock https://registry.npmjs.org/bluebird/-/bluebird-3.3.5.tgz /Users/Bailey/.npm/7b588cb7--org-bluebird-bluebird-3-3-5-tgz.lock
141 verbose addRemoteTarball [ 'https://registry.npmjs.org/bluebird/-/bluebird-3.3.5.tgz',
141 verbose addRemoteTarball   '5ee747f1c7bd967658b683936430aee753955a34' ]
142 info retry fetch attempt 1 at 22:18:39
143 verbose fetch to= /var/folders/5z/r7gx8xxs0zg8bc98tdxnkffh0000gn/T/npm-7006-MY0Ce4u5/registry.npmjs.org/bluebird/-/bluebird-3.3.5.tgz
144 http GET https://registry.npmjs.org/bluebird/-/bluebird-3.3.5.tgz
145 http 200 https://registry.npmjs.org/bluebird/-/bluebird-3.3.5.tgz
146 silly lockFile 7b588cb7--org-bluebird-bluebird-3-3-5-tgz https://registry.npmjs.org/bluebird/-/bluebird-3.3.5.tgz
147 silly lockFile 7b588cb7--org-bluebird-bluebird-3-3-5-tgz https://registry.npmjs.org/bluebird/-/bluebird-3.3.5.tgz
148 silly lockFile fa719ec1-bluebird-3-3-5 bluebird@3.3.5
149 silly lockFile fa719ec1-bluebird-3-3-5 bluebird@3.3.5
150 silly lockFile b5ae4f48-bluebird bluebird@*
151 silly lockFile b5ae4f48-bluebird bluebird@*
152 error Error: EACCES, mkdir '/Users/Bailey/.npm/ws/1.1.0'
152 error  { [Error: EACCES, mkdir '/Users/Bailey/.npm/ws/1.1.0']
152 error   errno: 3,
152 error   code: 'EACCES',
152 error   path: '/Users/Bailey/.npm/ws/1.1.0',
152 error   parent: 'Node-Chat-Bot' }
153 error Please try running this command again as root/Administrator.
154 error System Darwin 15.0.0
155 error command "node" "/usr/local/bin/npm" "install"
156 error cwd /Users/Bailey/Documents/Node-Chat-Bot
157 error node -v v0.10.32
158 error npm -v 1.4.28
159 error path /Users/Bailey/.npm/ws/1.1.0
160 error code EACCES
161 error errno 3
162 error stack Error: EACCES, mkdir '/Users/Bailey/.npm/ws/1.1.0'
163 verbose exit [ 3, true ]
